<?xml version="1.0" encoding="UTF-8"?>
<testsuite xmlns:xsi="http://www.w3.org/2001/XMLSchema-instance" xsi:noNamespaceSchemaLocation="https://maven.apache.org/surefire/maven-surefire-plugin/xsd/surefire-test-report.xsd" name="uk.co.coxauto.resources.TestRunner" time="97.736" tests="11" errors="0" skipped="0" failures="0">
  <properties>
[...]
</properties>
  <testcase name="Given I am on the CoxAuto homepage" classname="Scenario: User should contact Movex successfully" time="0.003"/>
  <testcase name="When I click on Get in touch link" classname="Scenario: User should contact Movex successfully" time="0"/>
  <testcase name="And I click on contact Movex at the bottom of the page" classname="Scenario: User should contact Movex successfully" time="0"/>
  <testcase name="And I enter my name &quot; Steve Jobs&quot;" classname="Scenario: User should contact Movex successfully" time="0"/>
  <testcase name="And I enter my phone no &quot;07979797979&quot;" classname="Scenario: User should contact Movex successfully" time="0"/>
  <testcase name="And I enter my email &quot;abcd12@gmail.com&quot;" classname="Scenario: User should contact Movex successfully" time="0"/>
  <testcase name="And I confirm my email &quot;abcd12@gmail.com&quot;" classname="Scenario: User should contact Movex successfully" time="0"/>
  <testcase name="And I type my massage&quot; I would like to enquiry about X product&quot;" classname="Scenario: User should contact Movex successfully" time="0"/>
  <testcase name="And I click on send massage button" classname="Scenario: User should contact Movex successfully" time="0"/>
  <testcase name="Then Thank you massage should be displayed" classname="Scenario: User should contact Movex successfully" time="0"/>
  <testcase name="Scenario: User should contact Movex successfully" classname="Scenario: User should contact Movex successfully" time="1.537"/>
</testsuite>